16-Nov-2023 17:17:44.537 INFO [main] org.apache.catalina.startup.VersionLoggerListener.log Nombre de la versión del servidor: Apache Tomcat/9.0.82
16-Nov-2023 17:17:44.547 INFO [main] org.apache.catalina.startup.VersionLoggerListener.log Server built:                      Oct 11 2023 13:15:08 UTC
16-Nov-2023 17:17:44.548 INFO [main] org.apache.catalina.startup.VersionLoggerListener.log Número de versión de servidor:     9.0.82.0
16-Nov-2023 17:17:44.548 INFO [main] org.apache.catalina.startup.VersionLoggerListener.log OS Name:                           Windows 11
16-Nov-2023 17:17:44.548 INFO [main] org.apache.catalina.startup.VersionLoggerListener.log Versión de Systema Operativo:      10.0
16-Nov-2023 17:17:44.548 INFO [main] org.apache.catalina.startup.VersionLoggerListener.log Arquitectura:                      amd64
16-Nov-2023 17:17:44.548 INFO [main] org.apache.catalina.startup.VersionLoggerListener.log Java Home:                         C:\Program Files\Java\jdk-19
16-Nov-2023 17:17:44.548 INFO [main] org.apache.catalina.startup.VersionLoggerListener.log JVM Version:                       19.0.1+10-21
16-Nov-2023 17:17:44.548 INFO [main] org.apache.catalina.startup.VersionLoggerListener.log Vededor JVM:                       Oracle Corporation
16-Nov-2023 17:17:44.548 INFO [main] org.apache.catalina.startup.VersionLoggerListener.log CATALINA_BASE:                     E:\1234\Proyecto-PQRS\utilidades\apache-tomcat-9.0.82
16-Nov-2023 17:17:44.549 INFO [main] org.apache.catalina.startup.VersionLoggerListener.log CATALINA_HOME:                     E:\1234\Proyecto-PQRS\utilidades\apache-tomcat-9.0.82
16-Nov-2023 17:17:44.568 INFO [main] org.apache.catalina.startup.VersionLoggerListener.log Command line argument:             --add-opens=java.base/java.lang=ALL-UNNAMED
16-Nov-2023 17:17:44.568 INFO [main] org.apache.catalina.startup.VersionLoggerListener.log Command line argument:             --add-opens=java.base/java.io=ALL-UNNAMED
16-Nov-2023 17:17:44.568 INFO [main] org.apache.catalina.startup.VersionLoggerListener.log Command line argument:             --add-opens=java.base/java.util=ALL-UNNAMED
16-Nov-2023 17:17:44.569 INFO [main] org.apache.catalina.startup.VersionLoggerListener.log Command line argument:             --add-opens=java.base/java.util.concurrent=ALL-UNNAMED
16-Nov-2023 17:17:44.569 INFO [main] org.apache.catalina.startup.VersionLoggerListener.log Command line argument:             --add-opens=java.rmi/sun.rmi.transport=ALL-UNNAMED
16-Nov-2023 17:17:44.569 INFO [main] org.apache.catalina.startup.VersionLoggerListener.log Command line argument:             -Djava.util.logging.config.file=E:\1234\Proyecto-PQRS\utilidades\apache-tomcat-9.0.82\conf\logging.properties
16-Nov-2023 17:17:44.569 INFO [main] org.apache.catalina.startup.VersionLoggerListener.log Command line argument:             -Djava.util.logging.manager=org.apache.juli.ClassLoaderLogManager
16-Nov-2023 17:17:44.569 INFO [main] org.apache.catalina.startup.VersionLoggerListener.log Command line argument:             -Djdk.tls.ephemeralDHKeySize=2048
16-Nov-2023 17:17:44.569 INFO [main] org.apache.catalina.startup.VersionLoggerListener.log Command line argument:             -Djava.protocol.handler.pkgs=org.apache.catalina.webresources
16-Nov-2023 17:17:44.570 INFO [main] org.apache.catalina.startup.VersionLoggerListener.log Command line argument:             -Dignore.endorsed.dirs=
16-Nov-2023 17:17:44.570 INFO [main] org.apache.catalina.startup.VersionLoggerListener.log Command line argument:             -Dcatalina.base=E:\1234\Proyecto-PQRS\utilidades\apache-tomcat-9.0.82
16-Nov-2023 17:17:44.570 INFO [main] org.apache.catalina.startup.VersionLoggerListener.log Command line argument:             -Dcatalina.home=E:\1234\Proyecto-PQRS\utilidades\apache-tomcat-9.0.82
16-Nov-2023 17:17:44.570 INFO [main] org.apache.catalina.startup.VersionLoggerListener.log Command line argument:             -Djava.io.tmpdir=E:\1234\Proyecto-PQRS\utilidades\apache-tomcat-9.0.82\temp
16-Nov-2023 17:17:44.785 INFO [main] org.apache.catalina.core.AprLifecycleListener.lifecycleEvent Cargada la biblioteca nativa APR de Apache Tomcat [1.2.39] con la versión APR [1.7.4].
16-Nov-2023 17:17:44.786 INFO [main] org.apache.catalina.core.AprLifecycleListener.lifecycleEvent Capacidades APR: IPv6 [true], enviar fichero [true], aceptar filtros [false], aleatorio [true], UDS [true].
16-Nov-2023 17:17:44.786 INFO [main] org.apache.catalina.core.AprLifecycleListener.lifecycleEvent APR/OpenSSL configuration: useAprConnector [false], useOpenSSL [true]
16-Nov-2023 17:17:44.840 INFO [main] org.apache.catalina.core.AprLifecycleListener.initializeSSL OpenSSL inicializado correctamente [OpenSSL 3.0.11 19 Sep 2023]
16-Nov-2023 17:17:45.756 INFO [main] org.apache.coyote.AbstractProtocol.init Inicializando el manejador de protocolo ["http-nio-8080"]

16-Nov-2023 17:17:45.799 INFO [main] org.apache.catalina.startup.Catalina.load Server initialization in [1750] milliseconds
16-Nov-2023 17:17:45.927 INFO [main] org.apache.catalina.core.StandardService.startInternal Arrancando servicio [Catalina]
16-Nov-2023 17:17:45.927 INFO [main] org.apache.catalina.core.StandardEngine.startInternal Starting Servlet engine: [Apache Tomcat/9.0.82]
16-Nov-2023 17:17:45.958 INFO [main] org.apache.catalina.startup.HostConfig.deployDescriptor Desplieque del descriptor de configuración [E:\1234\Proyecto-PQRS\utilidades\apache-tomcat-9.0.82\conf\Catalina\localhost\PrototipoProyecto.xml]
16-Nov-2023 17:17:45.980 WARNING [main] org.apache.catalina.startup.HostConfig.deployDescriptor The path attribute with value [/PrototipoProyecto] in deployment descriptor [E:\1234\Proyecto-PQRS\utilidades\apache-tomcat-9.0.82\conf\Catalina\localhost\PrototipoProyecto.xml] has been ignored
16-Nov-2023 17:17:46.033 SEVERE [main] org.apache.catalina.startup.HostConfig.deployDescriptor Error durante el despliegue del descriptor de configuración [E:\1234\Proyecto-PQRS\utilidades\apache-tomcat-9.0.82\conf\Catalina\localhost\PrototipoProyecto.xml]
	java.lang.IllegalStateException: Error starting child
		at org.apache.catalina.core.ContainerBase.addChildInternal(ContainerBase.java:686)
		at org.apache.catalina.core.ContainerBase.addChild(ContainerBase.java:658)
		at org.apache.catalina.core.StandardHost.addChild(StandardHost.java:661)
		at org.apache.catalina.startup.HostConfig.deployDescriptor(HostConfig.java:689)
		at org.apache.catalina.startup.HostConfig$DeployDescriptor.run(HostConfig.java:1888)
		at java.base/java.util.concurrent.Executors$RunnableAdapter.call(Executors.java:577)
		at java.base/java.util.concurrent.FutureTask.run(FutureTask.java:317)
		at org.apache.tomcat.util.threads.InlineExecutorService.execute(InlineExecutorService.java:75)
		at java.base/java.util.concurrent.AbstractExecutorService.submit(AbstractExecutorService.java:123)
		at org.apache.catalina.startup.HostConfig.deployDescriptors(HostConfig.java:582)
		at org.apache.catalina.startup.HostConfig.deployApps(HostConfig.java:472)
		at org.apache.catalina.startup.HostConfig.start(HostConfig.java:1617)
		at org.apache.catalina.startup.HostConfig.lifecycleEvent(HostConfig.java:318)
		at org.apache.catalina.util.LifecycleBase.fireLifecycleEvent(LifecycleBase.java:114)
		at org.apache.catalina.util.LifecycleBase.setStateInternal(LifecycleBase.java:402)
		at org.apache.catalina.util.LifecycleBase.setState(LifecycleBase.java:345)
		at org.apache.catalina.core.ContainerBase.startInternal(ContainerBase.java:893)
		at org.apache.catalina.core.StandardHost.startInternal(StandardHost.java:794)
		at org.apache.catalina.util.LifecycleBase.start(LifecycleBase.java:171)
		at org.apache.catalina.core.ContainerBase$StartChild.call(ContainerBase.java:1332)
		at org.apache.catalina.core.ContainerBase$StartChild.call(ContainerBase.java:1322)
		at java.base/java.util.concurrent.FutureTask.run(FutureTask.java:317)
		at org.apache.tomcat.util.threads.InlineExecutorService.execute(InlineExecutorService.java:75)
		at java.base/java.util.concurrent.AbstractExecutorService.submit(AbstractExecutorService.java:145)
		at org.apache.catalina.core.ContainerBase.startInternal(ContainerBase.java:866)
		at org.apache.catalina.core.StandardEngine.startInternal(StandardEngine.java:248)
		at org.apache.catalina.util.LifecycleBase.start(LifecycleBase.java:171)
		at org.apache.catalina.core.StandardService.startInternal(StandardService.java:433)
		at org.apache.catalina.util.LifecycleBase.start(LifecycleBase.java:171)
		at org.apache.catalina.core.StandardServer.startInternal(StandardServer.java:921)
		at org.apache.catalina.util.LifecycleBase.start(LifecycleBase.java:171)
		at org.apache.catalina.startup.Catalina.start(Catalina.java:772)
		at java.base/jdk.internal.reflect.DirectMethodHandleAccessor.invoke(DirectMethodHandleAccessor.java:104)
		at java.base/java.lang.reflect.Method.invoke(Method.java:578)
		at org.apache.catalina.startup.Bootstrap.start(Bootstrap.java:347)
		at org.apache.catalina.startup.Bootstrap.main(Bootstrap.java:478)
	Caused by: org.apache.catalina.LifecycleException: Failed to start component [org.apache.catalina.webresources.StandardRoot@1b266842]
		at org.apache.catalina.util.LifecycleBase.handleSubClassException(LifecycleBase.java:419)
		at org.apache.catalina.util.LifecycleBase.start(LifecycleBase.java:186)
		at org.apache.catalina.core.StandardContext.resourcesStart(StandardContext.java:4575)
		at org.apache.catalina.core.StandardContext.startInternal(StandardContext.java:4708)
		at org.apache.catalina.util.LifecycleBase.start(LifecycleBase.java:171)
		at org.apache.catalina.core.ContainerBase.addChildInternal(ContainerBase.java:683)
		... 35 more
	Caused by: java.lang.IllegalArgumentException: The main resource set specified [C:\Users\Pc MasterRace\Desktop\universidad\PrototipoProyecto\build\web] is not a directory or war file, or is not readable (it does not exist or permissions to access it are missing)
		at org.apache.catalina.webresources.StandardRoot.createMainResourceSet(StandardRoot.java:749)
		at org.apache.catalina.webresources.StandardRoot.startInternal(StandardRoot.java:707)
		at org.apache.catalina.util.LifecycleBase.start(LifecycleBase.java:171)
		... 39 more
16-Nov-2023 17:17:46.081 INFO [main] org.apache.catalina.startup.HostConfig.deployDescriptor Deployment of deployment descriptor [E:\1234\Proyecto-PQRS\utilidades\apache-tomcat-9.0.82\conf\Catalina\localhost\PrototipoProyecto.xml] has finished in [117] ms
16-Nov-2023 17:17:46.082 INFO [main] org.apache.catalina.startup.HostConfig.deployDirectory Desplegando el directorio [E:\1234\Proyecto-PQRS\utilidades\apache-tomcat-9.0.82\webapps\docs] de la aplicación web
16-Nov-2023 17:17:46.681 INFO [main] org.apache.catalina.startup.HostConfig.deployDirectory Deployment of web application directory [E:\1234\Proyecto-PQRS\utilidades\apache-tomcat-9.0.82\webapps\docs] has finished in [598] ms
16-Nov-2023 17:17:46.681 INFO [main] org.apache.catalina.startup.HostConfig.deployDirectory Desplegando el directorio [E:\1234\Proyecto-PQRS\utilidades\apache-tomcat-9.0.82\webapps\examples] de la aplicación web
16-Nov-2023 17:17:47.732 INFO [main] org.apache.catalina.startup.HostConfig.deployDirectory Deployment of web application directory [E:\1234\Proyecto-PQRS\utilidades\apache-tomcat-9.0.82\webapps\examples] has finished in [1.051] ms
16-Nov-2023 17:17:47.733 INFO [main] org.apache.catalina.startup.HostConfig.deployDirectory Desplegando el directorio [E:\1234\Proyecto-PQRS\utilidades\apache-tomcat-9.0.82\webapps\host-manager] de la aplicación web
16-Nov-2023 17:17:47.831 INFO [main] org.apache.catalina.startup.HostConfig.deployDirectory Deployment of web application directory [E:\1234\Proyecto-PQRS\utilidades\apache-tomcat-9.0.82\webapps\host-manager] has finished in [97] ms
16-Nov-2023 17:17:47.831 INFO [main] org.apache.catalina.startup.HostConfig.deployDirectory Desplegando el directorio [E:\1234\Proyecto-PQRS\utilidades\apache-tomcat-9.0.82\webapps\manager] de la aplicación web
16-Nov-2023 17:17:47.907 INFO [main] org.apache.catalina.startup.HostConfig.deployDirectory Deployment of web application directory [E:\1234\Proyecto-PQRS\utilidades\apache-tomcat-9.0.82\webapps\manager] has finished in [76] ms
16-Nov-2023 17:17:47.908 INFO [main] org.apache.catalina.startup.HostConfig.deployDirectory Desplegando el directorio [E:\1234\Proyecto-PQRS\utilidades\apache-tomcat-9.0.82\webapps\ROOT] de la aplicación web
16-Nov-2023 17:17:47.947 INFO [main] org.apache.catalina.startup.HostConfig.deployDirectory Deployment of web application directory [E:\1234\Proyecto-PQRS\utilidades\apache-tomcat-9.0.82\webapps\ROOT] has finished in [40] ms
16-Nov-2023 17:17:47.953 INFO [main] org.apache.coyote.AbstractProtocol.start Starting ProtocolHandler ["http-nio-8080"]
16-Nov-2023 17:17:48.059 INFO [main] org.apache.catalina.startup.Catalina.start Server startup in [2256] milliseconds
16-Nov-2023 17:33:47.243 INFO [main] org.apache.catalina.core.StandardServer.await Se ha recibido un comando de apagado a través del puerto de apagado. Parando la instancia del Servidor.
16-Nov-2023 17:33:47.245 INFO [main] org.apache.coyote.AbstractProtocol.pause Pausing ProtocolHandler ["http-nio-8080"]
16-Nov-2023 17:33:47.262 INFO [main] org.apache.catalina.core.StandardService.stopInternal Parando servicio [Catalina]
16-Nov-2023 17:33:47.314 INFO [main] org.apache.coyote.AbstractProtocol.stop Stopping ProtocolHandler ["http-nio-8080"]
16-Nov-2023 17:33:47.320 INFO [main] org.apache.coyote.AbstractProtocol.destroy Destroying ProtocolHandler ["http-nio-8080"]
16-Nov-2023 17:33:47.322 WARNING [main] org.apache.catalina.deploy.NamingResourcesImpl.cleanUp Failed to retrieve JNDI naming context for container [StandardEngine[Catalina].StandardHost[localhost].StandardContext[/PrototipoProyecto]] so no cleanup was performed for that container
	javax.naming.NamingException: No hay contexto de nombres asociado a este cargador de clase
		at org.apache.naming.ContextBindings.getClassLoader(ContextBindings.java:271)
		at org.apache.catalina.deploy.NamingResourcesImpl.cleanUp(NamingResourcesImpl.java:976)
		at org.apache.catalina.deploy.NamingResourcesImpl.stopInternal(NamingResourcesImpl.java:959)
		at org.apache.catalina.util.LifecycleBase.stop(LifecycleBase.java:242)
		at org.apache.catalina.core.StandardContext.stopInternal(StandardContext.java:5162)
		at org.apache.catalina.util.LifecycleBase.stop(LifecycleBase.java:242)
		at org.apache.catalina.util.LifecycleBase.destroy(LifecycleBase.java:278)
		at org.apache.catalina.core.ContainerBase.removeChild(ContainerBase.java:778)
		at org.apache.catalina.core.ContainerBase.destroyInternal(ContainerBase.java:983)
		at org.apache.catalina.util.LifecycleBase.destroy(LifecycleBase.java:306)
		at org.apache.catalina.core.ContainerBase.removeChild(ContainerBase.java:778)
		at org.apache.catalina.core.ContainerBase.destroyInternal(ContainerBase.java:983)
		at org.apache.catalina.util.LifecycleBase.destroy(LifecycleBase.java:306)
		at org.apache.catalina.core.StandardService.destroyInternal(StandardService.java:577)
		at org.apache.catalina.util.LifecycleBase.destroy(LifecycleBase.java:306)
		at org.apache.catalina.core.StandardServer.destroyInternal(StandardServer.java:1047)
		at org.apache.catalina.util.LifecycleBase.destroy(LifecycleBase.java:306)
		at org.apache.catalina.startup.Catalina.stop(Catalina.java:850)
		at org.apache.catalina.startup.Catalina.start(Catalina.java:811)
		at java.base/jdk.internal.reflect.DirectMethodHandleAccessor.invoke(DirectMethodHandleAccessor.java:104)
		at java.base/java.lang.reflect.Method.invoke(Method.java:578)
		at org.apache.catalina.startup.Bootstrap.start(Bootstrap.java:347)
		at org.apache.catalina.startup.Bootstrap.main(Bootstrap.java:478)
