17-Nov-2023 08:50:58.833 INFO [main] org.apache.catalina.core.ApplicationContext.log ContextListener: contextInitialized()
17-Nov-2023 08:50:58.833 INFO [main] org.apache.catalina.core.ApplicationContext.log SessionListener: contextInitialized()
17-Nov-2023 08:50:58.837 INFO [main] org.apache.catalina.core.ApplicationContext.log ContextListener: attributeAdded('StockTicker', 'async.Stockticker@5217f3d0')
17-Nov-2023 09:22:55.897 INFO [main] org.apache.catalina.core.ApplicationContext.log SessionListener: contextDestroyed()
17-Nov-2023 09:22:55.897 INFO [main] org.apache.catalina.core.ApplicationContext.log ContextListener: contextDestroyed()
17-Nov-2023 09:24:03.236 INFO [main] org.apache.catalina.core.ApplicationContext.log ContextListener: contextInitialized()
17-Nov-2023 09:24:03.236 INFO [main] org.apache.catalina.core.ApplicationContext.log SessionListener: contextInitialized()
17-Nov-2023 09:24:03.238 INFO [main] org.apache.catalina.core.ApplicationContext.log ContextListener: attributeAdded('StockTicker', 'async.Stockticker@1af82ba8')
17-Nov-2023 10:22:35.491 INFO [main] org.apache.catalina.core.ApplicationContext.log SessionListener: contextDestroyed()
17-Nov-2023 10:22:35.491 INFO [main] org.apache.catalina.core.ApplicationContext.log ContextListener: contextDestroyed()
17-Nov-2023 16:45:31.327 INFO [main] org.apache.catalina.core.ApplicationContext.log ContextListener: contextInitialized()
17-Nov-2023 16:45:31.327 INFO [main] org.apache.catalina.core.ApplicationContext.log SessionListener: contextInitialized()
17-Nov-2023 16:45:31.329 INFO [main] org.apache.catalina.core.ApplicationContext.log ContextListener: attributeAdded('StockTicker', 'async.Stockticker@5bdb9c69')
17-Nov-2023 16:46:54.628 INFO [main] org.apache.catalina.core.ApplicationContext.log SessionListener: contextDestroyed()
17-Nov-2023 16:46:54.629 INFO [main] org.apache.catalina.core.ApplicationContext.log ContextListener: contextDestroyed()
17-Nov-2023 17:52:33.161 INFO [main] org.apache.catalina.core.ApplicationContext.log ContextListener: contextInitialized()
17-Nov-2023 17:52:33.161 INFO [main] org.apache.catalina.core.ApplicationContext.log SessionListener: contextInitialized()
17-Nov-2023 17:52:33.163 INFO [main] org.apache.catalina.core.ApplicationContext.log ContextListener: attributeAdded('StockTicker', 'async.Stockticker@572b4072')
17-Nov-2023 17:56:16.126 SEVERE [http-nio-8080-exec-33] org.apache.catalina.core.StandardContext.listenerStart Excepción al enviar evento inicializado de contexto a instancia de escuchador de clase [com.sun.faces.config.ConfigureListener]
	java.lang.RuntimeException: com.sun.faces.config.ConfigurationException: CONFIGURATION FAILED! java.util.concurrent.ExecutionException: java.lang.ExceptionInInitializerError
		at com.sun.faces.config.ConfigureListener.contextInitialized(ConfigureListener.java:280)
		at org.apache.catalina.core.StandardContext.listenerStart(StandardContext.java:4460)
		at org.apache.catalina.core.StandardContext.startInternal(StandardContext.java:4914)
		at org.apache.catalina.util.LifecycleBase.start(LifecycleBase.java:171)
		at org.apache.catalina.core.StandardContext.reload(StandardContext.java:3581)
		at org.apache.catalina.manager.ManagerServlet.reload(ManagerServlet.java:1049)
		at org.apache.catalina.manager.ManagerServlet.doGet(ManagerServlet.java:342)
		at javax.servlet.http.HttpServlet.service(HttpServlet.java:529)
		at javax.servlet.http.HttpServlet.service(HttpServlet.java:623)
		at org.apache.catalina.core.ApplicationFilterChain.internalDoFilter(ApplicationFilterChain.java:209)
		at org.apache.catalina.core.ApplicationFilterChain.doFilter(ApplicationFilterChain.java:153)
		at org.apache.tomcat.websocket.server.WsFilter.doFilter(WsFilter.java:51)
		at org.apache.catalina.core.ApplicationFilterChain.internalDoFilter(ApplicationFilterChain.java:178)
		at org.apache.catalina.core.ApplicationFilterChain.doFilter(ApplicationFilterChain.java:153)
		at org.apache.catalina.filters.HttpHeaderSecurityFilter.doFilter(HttpHeaderSecurityFilter.java:129)
		at org.apache.catalina.core.ApplicationFilterChain.internalDoFilter(ApplicationFilterChain.java:178)
		at org.apache.catalina.core.ApplicationFilterChain.doFilter(ApplicationFilterChain.java:153)
		at org.apache.catalina.core.StandardWrapperValve.invoke(StandardWrapperValve.java:168)
		at org.apache.catalina.core.StandardContextValve.invoke(StandardContextValve.java:90)
		at org.apache.catalina.authenticator.AuthenticatorBase.invoke(AuthenticatorBase.java:596)
		at org.apache.catalina.valves.RequestFilterValve.process(RequestFilterValve.java:355)
		at org.apache.catalina.valves.RemoteAddrValve.invoke(RemoteAddrValve.java:54)
		at org.apache.catalina.core.StandardHostValve.invoke(StandardHostValve.java:130)
		at org.apache.catalina.valves.ErrorReportValve.invoke(ErrorReportValve.java:93)
		at org.apache.catalina.valves.AbstractAccessLogValve.invoke(AbstractAccessLogValve.java:670)
		at org.apache.catalina.core.StandardEngineValve.invoke(StandardEngineValve.java:74)
		at org.apache.catalina.connector.CoyoteAdapter.service(CoyoteAdapter.java:342)
		at org.apache.coyote.http11.Http11Processor.service(Http11Processor.java:390)
		at org.apache.coyote.AbstractProcessorLight.process(AbstractProcessorLight.java:63)
		at org.apache.coyote.AbstractProtocol$ConnectionHandler.process(AbstractProtocol.java:928)
		at org.apache.tomcat.util.net.NioEndpoint$SocketProcessor.doRun(NioEndpoint.java:1794)
		at org.apache.tomcat.util.net.SocketProcessorBase.run(SocketProcessorBase.java:52)
		at org.apache.tomcat.util.threads.ThreadPoolExecutor.runWorker(ThreadPoolExecutor.java:1191)
		at org.apache.tomcat.util.threads.ThreadPoolExecutor$Worker.run(ThreadPoolExecutor.java:659)
		at org.apache.tomcat.util.threads.TaskThread$WrappingRunnable.run(TaskThread.java:61)
		at java.base/java.lang.Thread.run(Thread.java:1589)
	Caused by: com.sun.faces.config.ConfigurationException: CONFIGURATION FAILED! java.util.concurrent.ExecutionException: java.lang.ExceptionInInitializerError
		at com.sun.faces.config.ConfigManager.initialize(ConfigManager.java:449)
		at com.sun.faces.config.ConfigureListener.contextInitialized(ConfigureListener.java:221)
		... 35 more
	Caused by: javax.faces.FacesException: java.util.concurrent.ExecutionException: java.lang.ExceptionInInitializerError
		at com.sun.faces.config.ConfigManager.getAnnotatedClasses(ConfigManager.java:508)
		at com.sun.faces.config.processor.AbstractConfigProcessor.processAnnotations(AbstractConfigProcessor.java:402)
		at com.sun.faces.config.processor.ApplicationConfigProcessor.process(ApplicationConfigProcessor.java:341)
		at com.sun.faces.config.processor.AbstractConfigProcessor.invokeNext(AbstractConfigProcessor.java:152)
		at com.sun.faces.config.processor.LifecycleConfigProcessor.process(LifecycleConfigProcessor.java:116)
		at com.sun.faces.config.processor.AbstractConfigProcessor.invokeNext(AbstractConfigProcessor.java:152)
		at com.sun.faces.config.processor.FactoryConfigProcessor.process(FactoryConfigProcessor.java:239)
		at com.sun.faces.config.ConfigManager.initialize(ConfigManager.java:435)
		... 36 more
	Caused by: java.util.concurrent.ExecutionException: java.lang.ExceptionInInitializerError
		at java.base/java.util.concurrent.FutureTask.report(FutureTask.java:122)
		at java.base/java.util.concurrent.FutureTask.get(FutureTask.java:191)
		at com.sun.faces.config.ConfigManager.getAnnotatedClasses(ConfigManager.java:504)
		... 43 more
	Caused by: java.lang.ExceptionInInitializerError
		at java.base/java.lang.Class.forName0(Native Method)
		at java.base/java.lang.Class.forName(Class.java:495)
		at java.base/java.lang.Class.forName(Class.java:474)
		at com.sun.faces.util.Util.loadClass(Util.java:325)
		at com.sun.faces.config.AnnotationScanner.processClassList(AnnotationScanner.java:309)
		at com.sun.faces.config.JavaClassScanningAnnotationScanner.getAnnotatedClasses(JavaClassScanningAnnotationScanner.java:128)
		at com.sun.faces.config.DelegatingAnnotationProvider.getAnnotatedClasses(DelegatingAnnotationProvider.java:85)
		at com.sun.faces.config.ConfigManager$AnnotationScanTask.call(ConfigManager.java:932)
		at com.sun.faces.config.ConfigManager$AnnotationScanTask.call(ConfigManager.java:884)
		at java.base/java.util.concurrent.FutureTask.run(FutureTask.java:317)
		at com.sun.faces.config.ConfigManager.initialize(ConfigManager.java:383)
		... 36 more
	Caused by: java.lang.RuntimeException: Uncompilable code - cannot find symbol
  symbol:   class Administrador
  location: class controller.Control_Administrador
		at controller.Control_Administrador.<clinit>(Control_Administrador.java:1)
		... 47 more
17-Nov-2023 17:58:37.527 INFO [main] org.apache.catalina.core.ApplicationContext.log SessionListener: contextDestroyed()
17-Nov-2023 17:58:37.527 INFO [main] org.apache.catalina.core.ApplicationContext.log ContextListener: contextDestroyed()
