12-Nov-2023 15:25:15.510 INFO [main] org.apache.catalina.core.ApplicationContext.log ContextListener: contextInitialized()
12-Nov-2023 15:25:15.510 INFO [main] org.apache.catalina.core.ApplicationContext.log SessionListener: contextInitialized()
12-Nov-2023 15:25:15.511 INFO [main] org.apache.catalina.core.ApplicationContext.log ContextListener: attributeAdded('StockTicker', 'async.Stockticker@11dbcb3b')
12-Nov-2023 15:41:38.943 INFO [main] org.apache.catalina.core.ApplicationContext.log SessionListener: contextDestroyed()
12-Nov-2023 15:41:38.943 INFO [main] org.apache.catalina.core.ApplicationContext.log ContextListener: contextDestroyed()
12-Nov-2023 15:42:16.806 INFO [main] org.apache.catalina.core.ApplicationContext.log ContextListener: contextInitialized()
12-Nov-2023 15:42:16.806 INFO [main] org.apache.catalina.core.ApplicationContext.log SessionListener: contextInitialized()
12-Nov-2023 15:42:16.807 INFO [main] org.apache.catalina.core.ApplicationContext.log ContextListener: attributeAdded('StockTicker', 'async.Stockticker@43e7f104')
12-Nov-2023 15:54:03.046 INFO [main] org.apache.catalina.core.ApplicationContext.log SessionListener: contextDestroyed()
12-Nov-2023 15:54:03.046 INFO [main] org.apache.catalina.core.ApplicationContext.log ContextListener: contextDestroyed()
12-Nov-2023 15:54:31.023 INFO [main] org.apache.catalina.core.ApplicationContext.log ContextListener: contextInitialized()
12-Nov-2023 15:54:31.023 INFO [main] org.apache.catalina.core.ApplicationContext.log SessionListener: contextInitialized()
12-Nov-2023 15:54:31.024 INFO [main] org.apache.catalina.core.ApplicationContext.log ContextListener: attributeAdded('StockTicker', 'async.Stockticker@713e49c3')
12-Nov-2023 15:56:29.478 INFO [main] org.apache.catalina.core.ApplicationContext.log SessionListener: contextDestroyed()
12-Nov-2023 15:56:29.478 INFO [main] org.apache.catalina.core.ApplicationContext.log ContextListener: contextDestroyed()
12-Nov-2023 15:57:02.180 INFO [main] org.apache.catalina.core.ApplicationContext.log ContextListener: contextInitialized()
12-Nov-2023 15:57:02.180 INFO [main] org.apache.catalina.core.ApplicationContext.log SessionListener: contextInitialized()
12-Nov-2023 15:57:02.181 INFO [main] org.apache.catalina.core.ApplicationContext.log ContextListener: attributeAdded('StockTicker', 'async.Stockticker@5f369fc6')
12-Nov-2023 16:01:30.636 INFO [main] org.apache.catalina.core.ApplicationContext.log SessionListener: contextDestroyed()
12-Nov-2023 16:01:30.636 INFO [main] org.apache.catalina.core.ApplicationContext.log ContextListener: contextDestroyed()
12-Nov-2023 16:02:02.396 INFO [main] org.apache.catalina.core.ApplicationContext.log ContextListener: contextInitialized()
12-Nov-2023 16:02:02.396 INFO [main] org.apache.catalina.core.ApplicationContext.log SessionListener: contextInitialized()
12-Nov-2023 16:02:02.397 INFO [main] org.apache.catalina.core.ApplicationContext.log ContextListener: attributeAdded('StockTicker', 'async.Stockticker@3d57fb9e')
12-Nov-2023 16:05:38.726 INFO [main] org.apache.catalina.core.ApplicationContext.log SessionListener: contextDestroyed()
12-Nov-2023 16:05:38.726 INFO [main] org.apache.catalina.core.ApplicationContext.log ContextListener: contextDestroyed()
12-Nov-2023 16:06:08.185 INFO [main] org.apache.catalina.core.ApplicationContext.log ContextListener: contextInitialized()
12-Nov-2023 16:06:08.186 INFO [main] org.apache.catalina.core.ApplicationContext.log SessionListener: contextInitialized()
12-Nov-2023 16:06:08.187 INFO [main] org.apache.catalina.core.ApplicationContext.log ContextListener: attributeAdded('StockTicker', 'async.Stockticker@703cb756')
12-Nov-2023 16:07:30.593 INFO [main] org.apache.catalina.core.ApplicationContext.log SessionListener: contextDestroyed()
12-Nov-2023 16:07:30.593 INFO [main] org.apache.catalina.core.ApplicationContext.log ContextListener: contextDestroyed()
